  stdafx.cpp
  Camera.cpp
  ColorMat.cpp
  Drawable.cpp
  ElementGeometry.cpp
  glmSupport.cpp
  glSupport.cpp
glSupport.cpp(173): warning C4018: '<': signed/unsigned mismatch
glSupport.cpp(211): warning C4018: '<': signed/unsigned mismatch
  GLWindow.cpp
  Material.cpp
  Object.cpp
  RenderingEngine.cpp
  Scene.cpp
  Shader.cpp
  SimpleGeometry.cpp
  SimpleShader.cpp
  Texture.cpp
  TrackballCamera.cpp
  TrackerCamera.cpp
TrackerCamera.cpp(54): warning C4018: '<': signed/unsigned mismatch
  glad.c
LINK : warning LNK4098: defaultlib 'MSVCRTD' conflicts with use of other libs; use /NODEFAULTLIB:library
  Generating code
  All 802 functions were compiled because no usable IPDB/IOBJ from previous compilation was found.
  Finished generating code
glfw3.lib(context.obj) : warning LNK4099: PDB 'glfw.pdb' was not found with 'glfw3.lib(context.obj)' or at 'C:\Users\aardv\documents\visual studio 2015\Projects\RenderingEngine\Release\glfw.pdb'; linking object as if no debug info
glfw3.lib(init.obj) : warning LNK4099: PDB 'glfw.pdb' was not found with 'glfw3.lib(init.obj)' or at 'C:\Users\aardv\documents\visual studio 2015\Projects\RenderingEngine\Release\glfw.pdb'; linking object as if no debug info
glfw3.lib(input.obj) : warning LNK4099: PDB 'glfw.pdb' was not found with 'glfw3.lib(input.obj)' or at 'C:\Users\aardv\documents\visual studio 2015\Projects\RenderingEngine\Release\glfw.pdb'; linking object as if no debug info
glfw3.lib(monitor.obj) : warning LNK4099: PDB 'glfw.pdb' was not found with 'glfw3.lib(monitor.obj)' or at 'C:\Users\aardv\documents\visual studio 2015\Projects\RenderingEngine\Release\glfw.pdb'; linking object as if no debug info
glfw3.lib(vulkan.obj) : warning LNK4099: PDB 'glfw.pdb' was not found with 'glfw3.lib(vulkan.obj)' or at 'C:\Users\aardv\documents\visual studio 2015\Projects\RenderingEngine\Release\glfw.pdb'; linking object as if no debug info
glfw3.lib(window.obj) : warning LNK4099: PDB 'glfw.pdb' was not found with 'glfw3.lib(window.obj)' or at 'C:\Users\aardv\documents\visual studio 2015\Projects\RenderingEngine\Release\glfw.pdb'; linking object as if no debug info
glfw3.lib(win32_init.obj) : warning LNK4099: PDB 'glfw.pdb' was not found with 'glfw3.lib(win32_init.obj)' or at 'C:\Users\aardv\documents\visual studio 2015\Projects\RenderingEngine\Release\glfw.pdb'; linking object as if no debug info
glfw3.lib(win32_joystick.obj) : warning LNK4099: PDB 'glfw.pdb' was not found with 'glfw3.lib(win32_joystick.obj)' or at 'C:\Users\aardv\documents\visual studio 2015\Projects\RenderingEngine\Release\glfw.pdb'; linking object as if no debug info
glfw3.lib(win32_monitor.obj) : warning LNK4099: PDB 'glfw.pdb' was not found with 'glfw3.lib(win32_monitor.obj)' or at 'C:\Users\aardv\documents\visual studio 2015\Projects\RenderingEngine\Release\glfw.pdb'; linking object as if no debug info
glfw3.lib(win32_time.obj) : warning LNK4099: PDB 'glfw.pdb' was not found with 'glfw3.lib(win32_time.obj)' or at 'C:\Users\aardv\documents\visual studio 2015\Projects\RenderingEngine\Release\glfw.pdb'; linking object as if no debug info
glfw3.lib(win32_tls.obj) : warning LNK4099: PDB 'glfw.pdb' was not found with 'glfw3.lib(win32_tls.obj)' or at 'C:\Users\aardv\documents\visual studio 2015\Projects\RenderingEngine\Release\glfw.pdb'; linking object as if no debug info
glfw3.lib(win32_window.obj) : warning LNK4099: PDB 'glfw.pdb' was not found with 'glfw3.lib(win32_window.obj)' or at 'C:\Users\aardv\documents\visual studio 2015\Projects\RenderingEngine\Release\glfw.pdb'; linking object as if no debug info
glfw3.lib(wgl_context.obj) : warning LNK4099: PDB 'glfw.pdb' was not found with 'glfw3.lib(wgl_context.obj)' or at 'C:\Users\aardv\documents\visual studio 2015\Projects\RenderingEngine\Release\glfw.pdb'; linking object as if no debug info
glfw3.lib(egl_context.obj) : warning LNK4099: PDB 'glfw.pdb' was not found with 'glfw3.lib(egl_context.obj)' or at 'C:\Users\aardv\documents\visual studio 2015\Projects\RenderingEngine\Release\glfw.pdb'; linking object as if no debug info
  RenderingEngine.vcxproj -> C:\Users\aardv\documents\visual studio 2015\Projects\RenderingEngine\Release\RenderingEngine.exe
  RenderingEngine.vcxproj -> C:\Users\aardv\documents\visual studio 2015\Projects\RenderingEngine\Release\RenderingEngine.pdb (Full PDB)
