c:\users\aardv\documents\visual studio 2015\projects\renderingengine\renderingengine\release\renderingengine.pch
c:\users\aardv\documents\visual studio 2015\projects\renderingengine\renderingengine\release\vc140.pdb
c:\users\aardv\documents\visual studio 2015\projects\renderingengine\renderingengine\release\stdafx.obj
c:\users\aardv\documents\visual studio 2015\projects\renderingengine\renderingengine\release\trackercamera.obj
c:\users\aardv\documents\visual studio 2015\projects\renderingengine\renderingengine\release\trackballcamera.obj
c:\users\aardv\documents\visual studio 2015\projects\renderingengine\renderingengine\release\texture.obj
c:\users\aardv\documents\visual studio 2015\projects\renderingengine\renderingengine\release\simpleshader.obj
c:\users\aardv\documents\visual studio 2015\projects\renderingengine\renderingengine\release\simplegeometry.obj
c:\users\aardv\documents\visual studio 2015\projects\renderingengine\renderingengine\release\shader.obj
c:\users\aardv\documents\visual studio 2015\projects\renderingengine\renderingengine\release\scene.obj
c:\users\aardv\documents\visual studio 2015\projects\renderingengine\renderingengine\release\renderingengine.obj
c:\users\aardv\documents\visual studio 2015\projects\renderingengine\renderingengine\release\object.obj
c:\users\aardv\documents\visual studio 2015\projects\renderingengine\renderingengine\release\material.obj
c:\users\aardv\documents\visual studio 2015\projects\renderingengine\renderingengine\release\glwindow.obj
c:\users\aardv\documents\visual studio 2015\projects\renderingengine\renderingengine\release\glsupport.obj
c:\users\aardv\documents\visual studio 2015\projects\renderingengine\renderingengine\release\glmsupport.obj
c:\users\aardv\documents\visual studio 2015\projects\renderingengine\renderingengine\release\elementgeometry.obj
c:\users\aardv\documents\visual studio 2015\projects\renderingengine\renderingengine\release\drawable.obj
c:\users\aardv\documents\visual studio 2015\projects\renderingengine\renderingengine\release\colormat.obj
c:\users\aardv\documents\visual studio 2015\projects\renderingengine\renderingengine\release\camera.obj
c:\users\aardv\documents\visual studio 2015\projects\renderingengine\renderingengine\release\glad.obj
c:\users\aardv\documents\visual studio 2015\projects\renderingengine\release\renderingengine.exe
c:\users\aardv\documents\visual studio 2015\projects\renderingengine\release\renderingengine.ipdb
c:\users\aardv\documents\visual studio 2015\projects\renderingengine\release\renderingengine.iobj
c:\users\aardv\documents\visual studio 2015\projects\renderingengine\release\renderingengine.pdb
c:\users\aardv\documents\visual studio 2015\projects\renderingengine\renderingengine\release\renderingengine.tlog\cl.command.1.tlog
c:\users\aardv\documents\visual studio 2015\projects\renderingengine\renderingengine\release\renderingengine.tlog\cl.read.1.tlog
c:\users\aardv\documents\visual studio 2015\projects\renderingengine\renderingengine\release\renderingengine.tlog\cl.write.1.tlog
c:\users\aardv\documents\visual studio 2015\projects\renderingengine\renderingengine\release\renderingengine.tlog\link.command.1.tlog
c:\users\aardv\documents\visual studio 2015\projects\renderingengine\renderingengine\release\renderingengine.tlog\link.read.1.tlog
c:\users\aardv\documents\visual studio 2015\projects\renderingengine\renderingengine\release\renderingengine.tlog\link.write.1.tlog
