c:\users\aardv\documents\visual studio 2015\projects\renderingengine\renderingengine\debug\renderingengine.pch
c:\users\aardv\documents\visual studio 2015\projects\renderingengine\renderingengine\debug\vc140.pdb
c:\users\aardv\documents\visual studio 2015\projects\renderingengine\renderingengine\debug\vc140.idb
c:\users\aardv\documents\visual studio 2015\projects\renderingengine\renderingengine\debug\stdafx.obj
c:\users\aardv\documents\visual studio 2015\projects\renderingengine\renderingengine\debug\camera.obj
c:\users\aardv\documents\visual studio 2015\projects\renderingengine\renderingengine\debug\colormat.obj
c:\users\aardv\documents\visual studio 2015\projects\renderingengine\renderingengine\debug\drawable.obj
c:\users\aardv\documents\visual studio 2015\projects\renderingengine\renderingengine\debug\elementgeometry.obj
c:\users\aardv\documents\visual studio 2015\projects\renderingengine\renderingengine\debug\glmsupport.obj
c:\users\aardv\documents\visual studio 2015\projects\renderingengine\renderingengine\debug\glsupport.obj
c:\users\aardv\documents\visual studio 2015\projects\renderingengine\renderingengine\debug\glwindow.obj
c:\users\aardv\documents\visual studio 2015\projects\renderingengine\renderingengine\debug\material.obj
c:\users\aardv\documents\visual studio 2015\projects\renderingengine\renderingengine\debug\object.obj
c:\users\aardv\documents\visual studio 2015\projects\renderingengine\renderingengine\debug\renderingengine.obj
c:\users\aardv\documents\visual studio 2015\projects\renderingengine\renderingengine\debug\scene.obj
c:\users\aardv\documents\visual studio 2015\projects\renderingengine\renderingengine\debug\shader.obj
c:\users\aardv\documents\visual studio 2015\projects\renderingengine\renderingengine\debug\simplegeometry.obj
c:\users\aardv\documents\visual studio 2015\projects\renderingengine\renderingengine\debug\simpleshader.obj
c:\users\aardv\documents\visual studio 2015\projects\renderingengine\renderingengine\debug\texture.obj
c:\users\aardv\documents\visual studio 2015\projects\renderingengine\renderingengine\debug\trackballcamera.obj
c:\users\aardv\documents\visual studio 2015\projects\renderingengine\renderingengine\debug\trackercamera.obj
c:\users\aardv\documents\visual studio 2015\projects\renderingengine\renderingengine\debug\glad.obj
c:\users\aardv\documents\visual studio 2015\projects\renderingengine\renderingengine\debug\simpletexmanager.obj
c:\users\aardv\documents\visual studio 2015\projects\renderingengine\renderingengine\debug\texturecreation.obj
c:\users\aardv\documents\visual studio 2015\projects\renderingengine\renderingengine\debug\framebuffer.obj
c:\users\aardv\documents\visual studio 2015\projects\renderingengine\renderingengine\debug\simpletexshader.obj
c:\users\aardv\documents\visual studio 2015\projects\renderingengine\renderingengine\debug\texturemat.obj
c:\users\aardv\documents\visual studio 2015\projects\renderingengine\renderingengine\debug\meshinfoloader.obj
c:\users\aardv\documents\visual studio 2015\projects\renderingengine\renderingengine\debug\shadedtexturemat.obj
c:\users\aardv\documents\visual studio 2015\projects\renderingengine\renderingengine\debug\torrancesparrowshader.obj
c:\users\aardv\documents\visual studio 2015\projects\renderingengine\renderingengine\debug\shadedmat.obj
c:\users\aardv\documents\visual studio 2015\projects\renderingengine\debug\renderingengine.ilk
c:\users\aardv\documents\visual studio 2015\projects\renderingengine\debug\renderingengine.exe
c:\users\aardv\documents\visual studio 2015\projects\renderingengine\debug\renderingengine.pdb
c:\users\aardv\documents\visual studio 2015\projects\renderingengine\renderingengine\debug\colormat.new.obj.enc
c:\users\aardv\documents\visual studio 2015\projects\renderingengine\renderingengine\debug\shadedmat.new.obj.enc
c:\users\aardv\documents\visual studio 2015\projects\renderingengine\renderingengine\debug\renderingengine.tlog\cl.command.1.tlog
c:\users\aardv\documents\visual studio 2015\projects\renderingengine\renderingengine\debug\renderingengine.tlog\cl.read.1.tlog
c:\users\aardv\documents\visual studio 2015\projects\renderingengine\renderingengine\debug\renderingengine.tlog\cl.write.1.tlog
c:\users\aardv\documents\visual studio 2015\projects\renderingengine\renderingengine\debug\renderingengine.tlog\link.command.1.tlog
c:\users\aardv\documents\visual studio 2015\projects\renderingengine\renderingengine\debug\renderingengine.tlog\link.read.1.tlog
c:\users\aardv\documents\visual studio 2015\projects\renderingengine\renderingengine\debug\renderingengine.tlog\link.write.1.tlog
