c:\users\aardv\documents\visual studio 2015\projects\renderingengine\renderinglibrary\debug\renderinglibrary.pdb
c:\users\aardv\documents\visual studio 2015\projects\renderingengine\renderinglibrary\debug\renderinglibrary.idb
c:\users\aardv\documents\visual studio 2015\projects\renderingengine\renderinglibrary\debug\camera.obj
c:\users\aardv\documents\visual studio 2015\projects\renderingengine\renderinglibrary\debug\drawable.obj
c:\users\aardv\documents\visual studio 2015\projects\renderingengine\renderinglibrary\debug\framebuffer.obj
c:\users\aardv\documents\visual studio 2015\projects\renderingengine\renderinglibrary\debug\glmsupport.obj
c:\users\aardv\documents\visual studio 2015\projects\renderingengine\renderinglibrary\debug\glsupport.obj
c:\users\aardv\documents\visual studio 2015\projects\renderingengine\renderinglibrary\debug\material.obj
c:\users\aardv\documents\visual studio 2015\projects\renderingengine\renderinglibrary\debug\object.obj
c:\users\aardv\documents\visual studio 2015\projects\renderingengine\renderinglibrary\debug\scene.obj
c:\users\aardv\documents\visual studio 2015\projects\renderingengine\renderinglibrary\debug\shader.obj
c:\users\aardv\documents\visual studio 2015\projects\renderingengine\renderinglibrary\debug\texture.obj
c:\users\aardv\documents\visual studio 2015\projects\renderingengine\renderinglibrary\debug\glad.obj
c:\users\aardv\documents\visual studio 2015\projects\renderingengine\debug\renderinglibrary.lib
c:\users\aardv\documents\visual studio 2015\projects\renderingengine\debug\renderinglibrary.pdb
c:\users\aardv\documents\visual studio 2015\projects\renderingengine\renderinglibrary\debug\renderinglibrary.tlog\cl.command.1.tlog
c:\users\aardv\documents\visual studio 2015\projects\renderingengine\renderinglibrary\debug\renderinglibrary.tlog\cl.read.1.tlog
c:\users\aardv\documents\visual studio 2015\projects\renderingengine\renderinglibrary\debug\renderinglibrary.tlog\cl.write.1.tlog
c:\users\aardv\documents\visual studio 2015\projects\renderingengine\renderinglibrary\debug\renderinglibrary.tlog\lib-link.read.1.tlog
c:\users\aardv\documents\visual studio 2015\projects\renderingengine\renderinglibrary\debug\renderinglibrary.tlog\lib-link.write.1.tlog
c:\users\aardv\documents\visual studio 2015\projects\renderingengine\renderinglibrary\debug\renderinglibrary.tlog\lib.command.1.tlog
